app/mapping.txt
# compiler: R8
# compiler_version: 1.5.69
# min_api: 21
# pg_map_id: 2fc60b6
com.huike.face.device.BR -> a.a5:
    int commonTitle -> f
    int mainViewModel -> g
    int inputValue -> d
    int commonTileClick -> e
    int activityTitle -> b
    int screenViewModel -> c
    int _all -> a
    3:3:void <init>() -> <init>
com.huike.face.device.BuildConfig -> a.b5:
    java.lang.String VERSION_NAME -> f
    int VERSION_CODE -> e
    boolean DEBUG -> a
    java.lang.String BUILD_TYPE -> c
    java.lang.String APPLICATION_ID -> b
    java.lang.String FLAVOR -> d
    7:7:void <clinit>() -> <clinit>
    6:6:void <init>() -> <init>
com.huike.face.device.DataBinderMapperImpl -> com.huike.face.device.DataBinderMapperImpl:
    android.util.SparseIntArray INTERNAL_LAYOUT_ID_LOOKUP -> d
    int LAYOUT_SCREENACTIVITY -> b
    int LAYOUT_TITLEACTIVITY -> c
    int LAYOUT_MAINACTIVITY -> a
    29:35:void <clinit>() -> <clinit>
    22:22:void <init>() -> <init>
    39:66:android.databinding.ViewDataBinding getDataBinder(android.databinding.DataBindingComponent,android.view.View,int) -> a
    71:72:android.databinding.ViewDataBinding getDataBinder(android.databinding.DataBindingComponent,android.view.View[],int) -> a
    88:92:int getLayoutId(java.lang.String) -> a
    97:98:java.lang.String convertBrIdToString(int) -> a
    103:105:java.util.List collectDependencies() -> a
com.huike.face.device.DataBinderMapperImpl$InnerBrLookup -> com.huike.face.device.DataBinderMapperImpl$a:
    android.util.SparseArray sKeys -> a
    109:119:void <clinit>() -> <clinit>
    108:108:void <init>() -> <init>
com.huike.face.device.DataBinderMapperImpl$InnerLayoutIdLookup -> com.huike.face.device.DataBinderMapperImpl$b:
    java.util.HashMap sKeys -> a
    123:129:void <clinit>() -> <clinit>
    122:122:void <init>() -> <init>
com.huike.face.device.DataBindingInfo -> a.c5:
    6:6:void <init>() -> <init>
com.huike.face.device.R -> com.huike.face.device.R:
    10:10:void <init>() -> <init>
com.huike.face.device.R$anim -> com.huike.face.device.R$anim:
    11:11:void <init>() -> <init>
com.huike.face.device.R$attr -> com.huike.face.device.R$attr:
    28:28:void <init>() -> <init>
com.huike.face.device.R$bool -> com.huike.face.device.R$bool:
    3915:3915:void <init>() -> <init>
com.huike.face.device.R$color -> com.huike.face.device.R$color:
    3920:3920:void <init>() -> <init>
com.huike.face.device.R$dimen -> com.huike.face.device.R$dimen:
    4031:4031:void <init>() -> <init>
com.huike.face.device.R$drawable -> com.huike.face.device.R$drawable:
    4278:4278:void <init>() -> <init>
com.huike.face.device.R$id -> com.huike.face.device.R$id:
    4394:4394:void <init>() -> <init>
com.huike.face.device.R$integer -> com.huike.face.device.R$integer:
    4600:4600:void <init>() -> <init>
com.huike.face.device.R$layout -> com.huike.face.device.R$layout:
    4607:4607:void <init>() -> <init>
com.huike.face.device.R$mipmap -> com.huike.face.device.R$mipmap:
    4677:4677:void <init>() -> <init>
com.huike.face.device.R$string -> com.huike.face.device.R$string:
    4682:4682:void <init>() -> <init>
com.huike.face.device.R$style -> com.huike.face.device.R$style:
    4766:4766:void <init>() -> <init>
com.huike.face.device.R$styleable -> com.huike.face.device.R$styleable:
    5205:16676:void <clinit>() -> <clinit>
    5133:5133:void <init>() -> <init>
com.huike.face.device.base.MyApplication -> com.huike.face.device.base.MyApplication:
    android.content.Context application -> a
    20:20:void <init>() -> <init>
    25:25:android.content.Context getApplication() -> a
    48:48:void initObjectBox() -> b
    54:54:void initUm() -> c
    34:39:void onCreate() -> onCreate
com.huike.face.device.base.mvvm.-$$Lambda$os29M1bzI9GqXmywFsMkeIHFukc -> a.d5:
    com.huike.face.device.base.mvvm.FaceBaseViewModel f$0 -> a
...
io.reactivex.internal.util.ListAddBiConsumer -> a.ez:
    io.reactivex.internal.util.ListAddBiConsumer INSTANCE -> a
    io.reactivex.internal.util.ListAddBiConsumer[] $VALUES -> b
    22:20:void <clinit>() -> <clinit>
    21:21:void <init>(java.lang.String,int) -> <init>
    20:20:java.lang.Object apply(java.lang.Object,java.lang.Object) -> a
    26:26:io.reactivex.functions.BiFunction instance() -> a
    32:33:java.util.List apply(java.util.List,java.lang.Object) -> a
    20:20:io.reactivex.internal.util.ListAddBiConsumer valueOf(java.lang.String) -> valueOf
    20:20:io.reactivex.internal.util.ListAddBiConsumer[] values() -> values
io.reactivex.internal.util.MergerBiFunction -> a.fz:
    java.util.Comparator comparator -> a
    28:30:void <init>(java.util.Comparator) -> <init>
    24:24:java.lang.Object apply(java.lang.Object,java.lang.Object) -> a
    34:68:java.util.List apply(java.util.List,java.util.List) -> a
io.reactivex.internal.util.NotificationLite -> a.gz:
    io.reactivex.internal.util.NotificationLite[] $VALUES -> b
    io.reactivex.internal.util.NotificationLite COMPLETE -> a
    27:26:void <clinit>() -> <clinit>
    26:26:void <init>(java.lang.String,int) -> <init>
    111:111:java.lang.Object complete() -> a
    120:120:java.lang.Object error(java.lang.Throwable) -> a
    129:129:java.lang.Object subscription(org.reactivestreams.Subscription) -> a
    138:138:java.lang.Object disposable(io.reactivex.disposables.Disposable) -> a
    202:202:io.reactivex.disposables.Disposable getDisposable(java.lang.Object) -> a
    216:225:boolean accept(java.lang.Object,org.reactivestreams.Subscriber) -> a
    238:247:boolean accept(java.lang.Object,io.reactivex.Observer) -> a
    189:189:java.lang.Throwable getError(java.lang.Object) -> b
    260:273:boolean acceptFull(java.lang.Object,org.reactivestreams.Subscriber) -> b
    286:299:boolean acceptFull(java.lang.Object,io.reactivex.Observer) -> b
    198:198:org.reactivestreams.Subscription getSubscription(java.lang.Object) -> c
    180:180:java.lang.Object getValue(java.lang.Object) -> d
    147:147:boolean isComplete(java.lang.Object) -> e
    169:169:boolean isDisposable(java.lang.Object) -> f
    156:156:boolean isError(java.lang.Object) -> g
    165:165:boolean isSubscription(java.lang.Object) -> h
    103:103:java.lang.Object next(java.lang.Object) -> i
    304:304:java.lang.String toString() -> toString
io.reactivex.internal.util.NotificationLite$DisposableNotification -> a.gz$a:
    io.reactivex.disposables.Disposable upstream -> a
    86:88:void <init>(io.reactivex.disposables.Disposable) -> <init>
    92:92:java.lang.String toString() -> toString
io.reactivex.internal.util.NotificationLite$ErrorNotification -> a.gz$b:
    java.lang.Throwable e -> a
    37:39:void <init>(java.lang.Throwable) -> <init>
    53:57:boolean equals(java.lang.Object) -> equals
    48:48:int hashCode() -> hashCode
    43:43:java.lang.String toString() -> toString
io.reactivex.internal.util.NotificationLite$SubscriptionNotification -> a.gz$c:
    org.reactivestreams.Subscription upstream -> a
    68:70:void <init>(org.reactivestreams.Subscription) -> <init>
    74:74:java.lang.String toString() -> toString
io.reactivex.internal.util.ObservableQueueDrain -> a.hz:
    void accept(io.reactivex.Observer,java.lang.Object) -> a
    int leave(int) -> a
    boolean enter() -> b
    boolean done() -> c
    boolean cancelled() -> d
    java.lang.Throwable error() -> e